<?xml version="1.0" encoding="UTF-8"?>
<!-- Generated by org.testng.reporters.JUnitReportReporter -->
<testsuite hostname="Pratik" failures="0" tests="1" name="Testng_Junit.task" time="0.477" errors="0" timestamp="2024-07-10T23:25:25 IST" skipped="0">
  <testcase classname="Testng_Junit.task" name="multcheck" time="0.477"/>
  <system-out/>
</testsuite> <!-- Testng_Junit.task -->
